Flow report for MCUbus
Fri Nov 15 15:41:22 2024
Quartus II 64-Bit Version 13.0.1 Build 232 06/12/2013 Service Pack 1 SJ Full Version


---------------------
; Table of Contents ;
---------------------
  1. Legal Notice
  2. Flow Summary
  3. Flow Settings
  4. Flow Non-Default Global Settings
  5. Flow Elapsed Time
  6. Flow OS Summary
  7. Flow Log
  8. Flow Messages
  9. Flow Suppressed Messages



----------------
; Legal Notice ;
----------------
Copyright (C) 1991-2013 Altera Corporation
Your use of Altera Corporation's design tools, logic functions 
and other software and tools, and its AMPP partner logic 
functions, and any output files from any of the foregoing 
(including device programming or simulation files), and any 
associated documentation or information are expressly subject 
to the terms and conditions of the Altera Program License 
Subscription Agreement, Altera MegaCore Function License 
Agreement, or other applicable license agreement, including, 
without limitation, that your use is for the sole purpose of 
programming logic devices manufactured by Altera and sold by 
Altera or its authorized distributors.  Please refer to the 
applicable agreement for further details.



+------------------------------------------------------------------------------+
; Flow Summary                                                                 ;
+---------------------------+--------------------------------------------------+
; Flow Status               ; Successful - Fri Nov 15 15:41:22 2024            ;
; Quartus II 64-Bit Version ; 13.0.1 Build 232 06/12/2013 SP 1 SJ Full Version ;
; Revision Name             ; MCUbus                                           ;
; Top-level Entity Name     ; MCUbus                                           ;
; Family                    ; MAX II                                           ;
; Device                    ; EPM570T100C5                                     ;
; Timing Models             ; Final                                            ;
; Total logic elements      ; 62 / 570 ( 11 % )                                ;
; Total pins                ; 13 / 76 ( 17 % )                                 ;
; Total virtual pins        ; 0                                                ;
; UFM blocks                ; 0 / 1 ( 0 % )                                    ;
+---------------------------+--------------------------------------------------+


+-----------------------------------------+
; Flow Settings                           ;
+-------------------+---------------------+
; Option            ; Setting             ;
+-------------------+---------------------+
; Start date & time ; 11/15/2024 15:41:16 ;
; Main task         ; Compilation         ;
; Revision Name     ; MCUbus              ;
+-------------------+---------------------+


+------------------------------------------------------------------------------------------------------------------------+
; Flow Non-Default Global Settings                                                                                       ;
+---------------------------------------+---------------------------------+---------------+-------------+----------------+
; Assignment Name                       ; Value                           ; Default Value ; Entity Name ; Section Id     ;
+---------------------------------------+---------------------------------+---------------+-------------+----------------+
; COMPILER_SIGNATURE_ID                 ; 167939671129083.173165647617888 ; --            ; --          ; --             ;
; EDA_DESIGN_INSTANCE_NAME              ; NA                              ; --            ; --          ; tb_MCUbus      ;
; EDA_NATIVELINK_SIMULATION_TEST_BENCH  ; tb_MCUbus                       ; --            ; --          ; eda_simulation ;
; EDA_OUTPUT_DATA_FORMAT                ; Verilog Hdl                     ; --            ; --          ; eda_simulation ;
; EDA_SIMULATION_TOOL                   ; ModelSim (Verilog)              ; <None>        ; --          ; --             ;
; EDA_TEST_BENCH_ENABLE_STATUS          ; TEST_BENCH_MODE                 ; --            ; --          ; eda_simulation ;
; EDA_TEST_BENCH_FILE                   ; RTL/tb_MCUbus.vt                ; --            ; --          ; tb_MCUbus      ;
; EDA_TEST_BENCH_MODULE_NAME            ; tb_MCUbus                       ; --            ; --          ; tb_MCUbus      ;
; EDA_TEST_BENCH_NAME                   ; tb_MCUbus                       ; --            ; --          ; eda_simulation ;
; EDA_TIME_SCALE                        ; 1 ps                            ; --            ; --          ; eda_simulation ;
; MAX_CORE_JUNCTION_TEMP                ; 85                              ; --            ; --          ; --             ;
; MIN_CORE_JUNCTION_TEMP                ; 0                               ; --            ; --          ; --             ;
; POWER_EXT_SUPPLY_VOLTAGE_TO_REGULATOR ; 3.3V                            ; --            ; --          ; --             ;
; PROJECT_OUTPUT_DIRECTORY              ; output_files                    ; --            ; --          ; --             ;
+---------------------------------------+---------------------------------+---------------+-------------+----------------+


+-------------------------------------------------------------------------------------------------------------------------------+
; Flow Elapsed Time                                                                                                             ;
+---------------------------+--------------+-------------------------+---------------------+------------------------------------+
; Module Name               ; Elapsed Time ; Average Processors Used ; Peak Virtual Memory ; Total CPU Time (on all processors) ;
+---------------------------+--------------+-------------------------+---------------------+------------------------------------+
; Analysis & Synthesis      ; 00:00:01     ; 1.0                     ; 4577 MB             ; 00:00:00                           ;
; Fitter                    ; 00:00:01     ; 1.0                     ; 5599 MB             ; 00:00:00                           ;
; Assembler                 ; 00:00:00     ; 1.0                     ; 4529 MB             ; 00:00:00                           ;
; TimeQuest Timing Analyzer ; 00:00:01     ; 1.0                     ; 4571 MB             ; 00:00:00                           ;
; EDA Netlist Writer        ; 00:00:01     ; 1.0                     ; 4513 MB             ; 00:00:00                           ;
; Total                     ; 00:00:04     ; --                      ; --                  ; 00:00:00                           ;
+---------------------------+--------------+-------------------------+---------------------+------------------------------------+


+----------------------------------------------------------------------------------------+
; Flow OS Summary                                                                        ;
+---------------------------+------------------+-----------+------------+----------------+
; Module Name               ; Machine Hostname ; OS Name   ; OS Version ; Processor type ;
+---------------------------+------------------+-----------+------------+----------------+
; Analysis & Synthesis      ; Xuyijun          ; Windows 7 ; 6.2        ; x86_64         ;
; Fitter                    ; Xuyijun          ; Windows 7 ; 6.2        ; x86_64         ;
; Assembler                 ; Xuyijun          ; Windows 7 ; 6.2        ; x86_64         ;
; TimeQuest Timing Analyzer ; Xuyijun          ; Windows 7 ; 6.2        ; x86_64         ;
; EDA Netlist Writer        ; Xuyijun          ; Windows 7 ; 6.2        ; x86_64         ;
+---------------------------+------------------+-----------+------------+----------------+


------------
; Flow Log ;
------------
quartus_map --read_settings_files=on --write_settings_files=off MCUbus -c MCUbus
quartus_fit --read_settings_files=off --write_settings_files=off MCUbus -c MCUbus
quartus_asm --read_settings_files=off --write_settings_files=off MCUbus -c MCUbus
quartus_sta MCUbus -c MCUbus
quartus_eda --read_settings_files=off --write_settings_files=off MCUbus -c MCUbus



